<?xml version="1.0" encoding="UTF-8"?>
<!-- Generated by org.testng.reporters.JUnitReportReporter -->
<testsuite hostname="Karthik" failures="0" tests="1" name="testCases.TC_001" time="6.142" errors="0" timestamp="2025-09-07T18:54:00 IST" skipped="0">
  <testcase classname="testCases.TC_001" name="loginTest" time="6.142"/>
</testsuite> <!-- testCases.TC_001 -->
