<?xml version="1.0" encoding="UTF-8"?>
<!-- Generated by org.testng.reporters.JUnitReportReporter -->
<testsuite hostname="Karthik" failures="0" tests="1" name="testCases.TC_002" time="3.977" errors="0" timestamp="2025-09-07T22:07:40 IST" skipped="0">
  <testcase classname="testCases.TC_002" name="flipkartTest" time="3.977"/>
</testsuite> <!-- testCases.TC_002 -->
